<?xml version="1.0" encoding="utf-8"?><testsuites><testsuite errors="0" failures="2" hostname="LAPTOP-2GPCM003" name="pytest" skipped="0" tests="10" time="1.939" timestamp="2020-06-29T15:32:40.795617"><testcase classname="test_submit" file="test_submit.py" line="3" name="test_q1" time="0.001"></testcase><testcase classname="test_submit" file="test_submit.py" line="9" name="test_q2" time="0.081"></testcase><testcase classname="test_submit" file="test_submit.py" line="15" name="test_q3" time="0.013"></testcase><testcase classname="test_submit" file="test_submit.py" line="21" name="test_q4" time="0.004"></testcase><testcase classname="test_submit" file="test_submit.py" line="27" name="test_q5" time="0.004"></testcase><testcase classname="test_submit" file="test_submit.py" line="33" name="test_q6" time="0.003"></testcase><testcase classname="test_submit" file="test_submit.py" line="39" name="test_q7" time="0.001"></testcase><testcase classname="test_submit" file="test_submit.py" line="45" name="test_q8" time="0.007"><failure message="assert -0.0 == 0.385
  +-0.0
  -0.385">+-0.0
      -0.385
E   assert -0.0 == 0.385</failure></testcase><testcase classname="test_submit" file="test_submit.py" line="51" name="test_q9" time="0.002"><failure message="assert None == 348631
  +None
  -348631">+None
      -348631
E   assert None == 348631</failure></testcase><testcase classname="test_submit" file="test_submit.py" line="57" name="test_q10" time="0.000"></testcase></testsuite></testsuites>